This file contains any messages produced by compilers while
running configure, to aid debugging if configure makes a mistake.

It was created by configure, which was
generated by GNU Autoconf 2.59.  Invocation command line was

  $ ./configure --enable-ballball

## --------- ##
## Platform. ##
## --------- ##

hostname = hive
uname -m = i686
uname -r = 2.6.18-53.el5
uname -s = Linux
uname -v = #1 SMP Mon Nov 12 02:22:48 EST 2007

/usr/bin/uname -p = unknown
/bin/uname -X     = unknown

/bin/arch              = i686
/usr/bin/arch -k       = unknown
/usr/convex/getsysinfo = unknown
hostinfo               = unknown
/bin/machine           = unknown
/usr/bin/oslevel       = unknown
/bin/universe          = unknown

PATH: /usr/kerberos/bin
PATH: /usr/local/bin
PATH: /bin
PATH: /usr/bin
PATH: /home/webuser/bin


## ----------- ##
## Core tests. ##
## ----------- ##

configure:1487: checking for egrep
configure:1497: result: grep -E
configure:1502: checking for a sed that does not truncate output
configure:1556: result: /bin/sed
configure:1677: checking for gcc
configure:1693: found /usr/bin/gcc
configure:1703: result: gcc
configure:1947: checking for C compiler version
configure:1950: gcc --version </dev/null >&5
gcc (GCC) 4.1.2 20070626 (Red Hat 4.1.2-14)
Copyright (C) 2006 Free Software Foundation, Inc.
This is free software; see the source for copying conditions.  There is NO
warranty; not even for MERCHANTABILITY or FITNESS FOR A PARTICULAR PURPOSE.

configure:1953: $? = 0
configure:1955: gcc -v </dev/null >&5
Using built-in specs.
Target: i386-redhat-linux
Configured with: ../configure --prefix=/usr --mandir=/usr/share/man --infodir=/usr/share/info --enable-shared --enable-threads=posix --enable-checking=release --with-system-zlib --enable-__cxa_atexit --disable-libunwind-exceptions --enable-libgcj-multifile --enable-languages=c,c++,objc,obj-c++,java,fortran,ada --enable-java-awt=gtk --disable-dssi --enable-plugin --with-java-home=/usr/lib/jvm/java-1.4.2-gcj-1.4.2.0/jre --with-cpu=generic --host=i386-redhat-linux
Thread model: posix
gcc version 4.1.2 20070626 (Red Hat 4.1.2-14)
configure:1958: $? = 0
configure:1960: gcc -V </dev/null >&5
gcc: '-V' option must have argument
configure:1963: $? = 1
configure:1986: checking for C compiler default output file name
configure:1989: gcc    conftest.c  >&5
configure:1992: $? = 0
configure:2038: result: a.out
configure:2043: checking whether the C compiler works
configure:2049: ./a.out
configure:2052: $? = 0
configure:2069: result: yes
configure:2076: checking whether we are cross compiling
configure:2078: result: no
configure:2081: checking for suffix of executables
configure:2083: gcc -o conftest    conftest.c  >&5
configure:2086: $? = 0
configure:2111: result: 
configure:2117: checking for suffix of object files
configure:2138: gcc -c   conftest.c >&5
configure:2141: $? = 0
configure:2163: result: o
configure:2167: checking whether we are using the GNU C compiler
configure:2191: gcc -c   conftest.c >&5
configure:2197: $? = 0
configure:2201: test -z 
			 || test ! -s conftest.err
configure:2204: $? = 0
configure:2207: test -s conftest.o
configure:2210: $? = 0
configure:2223: result: yes
configure:2229: checking whether gcc accepts -g
configure:2250: gcc -c -g  conftest.c >&5
configure:2256: $? = 0
configure:2260: test -z 
			 || test ! -s conftest.err
configure:2263: $? = 0
configure:2266: test -s conftest.o
configure:2269: $? = 0
configure:2280: result: yes
configure:2297: checking for gcc option to accept ANSI C
configure:2367: gcc  -c -g -O2  conftest.c >&5
configure:2373: $? = 0
configure:2377: test -z 
			 || test ! -s conftest.err
configure:2380: $? = 0
configure:2383: test -s conftest.o
configure:2386: $? = 0
configure:2404: result: none needed
configure:2422: gcc -c -g -O2  conftest.c >&5
conftest.c:2: error: expected '=', ',', ';', 'asm' or '__attribute__' before 'me'
configure:2428: $? = 1
configure: failed program was:
| #ifndef __cplusplus
|   choke me
| #endif
configure:2562: checking whether gcc and cc understand -c and -o together
configure:2592: gcc -c conftest.c -o conftest.o >&5
configure:2595: $? = 0
configure:2597: gcc -c conftest.c -o conftest.o >&5
configure:2600: $? = 0
configure:2607: cc -c conftest.c >&5
configure:2610: $? = 0
configure:2613: cc -c conftest.c -o conftest.o >&5
configure:2616: $? = 0
configure:2618: cc -c conftest.c -o conftest.o >&5
configure:2621: $? = 0
configure:2639: result: yes
configure:2655: checking for system library directory
configure:2673: result: lib
configure:2681: checking if compiler supports -R
configure:2705: gcc -o conftest -g -O2   conftest.c -R /usr/lib  >&5
gcc: unrecognized option '-R'
/usr/lib: file not recognized: Is a directory
collect2: ld returned 1 exit status
configure:2711: $? = 1
configure: failed program was:
| /* confdefs.h.  */
| 
| #define PACKAGE_NAME ""
| #define PACKAGE_TARNAME ""
| #define PACKAGE_VERSION ""
| #define PACKAGE_STRING ""
| #define PACKAGE_BUGREPORT ""
| /* end confdefs.h.  */
| 
| int
| main ()
| {
| 
|   ;
|   return 0;
| }
configure:2738: result: no
configure:2743: checking if compiler supports -Wl,-rpath,
configure:2767: gcc -o conftest -g -O2   conftest.c -Wl,-rpath,/usr/lib  >&5
configure:2773: $? = 0
configure:2777: test -z 
			 || test ! -s conftest.err
configure:2780: $? = 0
configure:2783: test -s conftest
configure:2786: $? = 0
configure:2800: result: yes
configure:2843: checking build system type
configure:2861: result: i686-pc-linux-gnu
configure:2869: checking host system type
configure:2883: result: i686-pc-linux-gnu
configure:2891: checking target system type
configure:2905: result: i686-pc-linux-gnu
configure:3003: checking for PHP prefix
configure:3005: result: /usr/local
configure:3007: checking for PHP includes
configure:3009: result: -I/usr/local/include/php -I/usr/local/include/php/main -I/usr/local/include/php/TSRM -I/usr/local/include/php/Zend -I/usr/local/include/php/ext -I/usr/local/include/php/ext/date/lib
configure:3011: checking for PHP extension directory
configure:3013: result: /usr/local/lib/php/extensions/no-debug-zts-20060613
configure:3015: checking for PHP installed headers prefix
configure:3017: result: /usr/local/include/php
configure:3061: checking for re2c
configure:3090: result: no
configure:3114: WARNING: You will need re2c 0.12.0 or later if you want to regenerate PHP parsers.
configure:3128: checking for gawk
configure:3145: found /bin/gawk
configure:3155: result: gawk
configure:3206: checking whether to enable ballball support
configure:3248: result: yes, shared
configure:3633: checking for ld used by gcc
configure:3700: result: /usr/bin/ld
configure:3709: checking if the linker (/usr/bin/ld) is GNU ld
configure:3724: result: yes
configure:3729: checking for /usr/bin/ld option to reload object files
configure:3736: result: -r
configure:3754: checking for BSD-compatible nm
configure:3796: result: /usr/bin/nm -B
configure:3800: checking whether ln -s works
configure:3804: result: yes
configure:3811: checking how to recognise dependent libraries
configure:3983: result: pass_all
configure:4195: checking how to run the C preprocessor
configure:4230: gcc -E  conftest.c
configure:4236: $? = 0
configure:4268: gcc -E  conftest.c
conftest.c:10:28: error: ac_nonexistent.h: No such file or directory
configure:4274: $? = 1
configure: failed program was:
| /* confdefs.h.  */
| 
| #define PACKAGE_NAME ""
| #define PACKAGE_TARNAME ""
| #define PACKAGE_VERSION ""
| #define PACKAGE_STRING ""
| #define PACKAGE_BUGREPORT ""
| #define COMPILE_DL_BALLBALL 1
| /* end confdefs.h.  */
| #include <ac_nonexistent.h>
configure:4313: result: gcc -E
configure:4337: gcc -E  conftest.c
configure:4343: $? = 0
configure:4375: gcc -E  conftest.c
conftest.c:10:28: error: ac_nonexistent.h: No such file or directory
configure:4381: $? = 1
configure: failed program was:
| /* confdefs.h.  */
| 
| #define PACKAGE_NAME ""
| #define PACKAGE_TARNAME ""
| #define PACKAGE_VERSION ""
| #define PACKAGE_STRING ""
| #define PACKAGE_BUGREPORT ""
| #define COMPILE_DL_BALLBALL 1
| /* end confdefs.h.  */
| #include <ac_nonexistent.h>
configure:4425: checking for ANSI C header files
configure:4450: gcc -c -g -O2  conftest.c >&5
configure:4456: $? = 0
configure:4460: test -z 
			 || test ! -s conftest.err
configure:4463: $? = 0
configure:4466: test -s conftest.o
configure:4469: $? = 0
configure:4558: gcc -o conftest -g -O2   conftest.c  >&5
conftest.c: In function 'main':
conftest.c:27: warning: incompatible implicit declaration of built-in function 'exit'
configure:4561: $? = 0
configure:4563: ./conftest
configure:4566: $? = 0
configure:4581: result: yes
configure:4605: checking for sys/types.h
configure:4621: gcc -c -g -O2  conftest.c >&5
configure:4627: $? = 0
configure:4631: test -z 
			 || test ! -s conftest.err
configure:4634: $? = 0
configure:4637: test -s conftest.o
configure:4640: $? = 0
configure:4651: result: yes
configure:4605: checking for sys/stat.h
configure:4621: gcc -c -g -O2  conftest.c >&5
configure:4627: $? = 0
configure:4631: test -z 
			 || test ! -s conftest.err
configure:4634: $? = 0
configure:4637: test -s conftest.o
configure:4640: $? = 0
configure:4651: result: yes
configure:4605: checking for stdlib.h
configure:4621: gcc -c -g -O2  conftest.c >&5
configure:4627: $? = 0
configure:4631: test -z 
			 || test ! -s conftest.err
configure:4634: $? = 0
configure:4637: test -s conftest.o
configure:4640: $? = 0
configure:4651: result: yes
configure:4605: checking for string.h
configure:4621: gcc -c -g -O2  conftest.c >&5
configure:4627: $? = 0
configure:4631: test -z 
			 || test ! -s conftest.err
configure:4634: $? = 0
configure:4637: test -s conftest.o
configure:4640: $? = 0
configure:4651: result: yes
configure:4605: checking for memory.h
configure:4621: gcc -c -g -O2  conftest.c >&5
configure:4627: $? = 0
configure:4631: test -z 
			 || test ! -s conftest.err
configure:4634: $? = 0
configure:4637: test -s conftest.o
configure:4640: $? = 0
configure:4651: result: yes
configure:4605: checking for strings.h
configure:4621: gcc -c -g -O2  conftest.c >&5
configure:4627: $? = 0
configure:4631: test -z 
			 || test ! -s conftest.err
configure:4634: $? = 0
configure:4637: test -s conftest.o
configure:4640: $? = 0
configure:4651: result: yes
configure:4605: checking for inttypes.h
configure:4621: gcc -c -g -O2  conftest.c >&5
configure:4627: $? = 0
configure:4631: test -z 
			 || test ! -s conftest.err
configure:4634: $? = 0
configure:4637: test -s conftest.o
configure:4640: $? = 0
configure:4651: result: yes
configure:4605: checking for stdint.h
configure:4621: gcc -c -g -O2  conftest.c >&5
configure:4627: $? = 0
configure:4631: test -z 
			 || test ! -s conftest.err
configure:4634: $? = 0
configure:4637: test -s conftest.o
configure:4640: $? = 0
configure:4651: result: yes
configure:4605: checking for unistd.h
configure:4621: gcc -c -g -O2  conftest.c >&5
configure:4627: $? = 0
configure:4631: test -z 
			 || test ! -s conftest.err
configure:4634: $? = 0
configure:4637: test -s conftest.o
configure:4640: $? = 0
configure:4651: result: yes
configure:4677: checking dlfcn.h usability
configure:4689: gcc -c -g -O2  conftest.c >&5
configure:4695: $? = 0
configure:4699: test -z 
			 || test ! -s conftest.err
configure:4702: $? = 0
configure:4705: test -s conftest.o
configure:4708: $? = 0
configure:4718: result: yes
configure:4722: checking dlfcn.h presence
configure:4732: gcc -E  conftest.c
configure:4738: $? = 0
configure:4758: result: yes
configure:4793: checking for dlfcn.h
configure:4800: result: yes
configure:5056: checking the maximum length of command line arguments
configure:5148: result: 32768
configure:5159: checking command to parse /usr/bin/nm -B output from gcc object
configure:5255: gcc -c -g -O2  conftest.c >&5
configure:5258: $? = 0
configure:5262: /usr/bin/nm -B conftest.o \| sed -n -e 's/^.*[ 	]\([ABCDGIRSTW][ABCDGIRSTW]*\)[ 	][ 	]*\([_A-Za-z][_A-Za-z0-9]*\)$/\1 \2 \2/p' \> conftest.nm
configure:5265: $? = 0
configure:5317: gcc -o conftest -g -O2   conftest.c conftstm.o >&5
configure:5320: $? = 0
configure:5358: result: ok
configure:5362: checking for objdir
configure:5377: result: .libs
configure:5467: checking for ar
configure:5483: found /usr/bin/ar
configure:5494: result: ar
configure:5547: checking for ranlib
configure:5563: found /usr/bin/ranlib
configure:5574: result: ranlib
configure:5627: checking for strip
configure:5643: found /usr/bin/strip
configure:5654: result: strip
configure:5943: checking if gcc static flag  works
configure:5971: result: yes
configure:5993: checking if gcc supports -fno-rtti -fno-exceptions
configure:6011: gcc -c -g -O2  -fno-rtti -fno-exceptions conftest.c >&5
cc1: warning: command line option "-fno-rtti" is valid for C++/ObjC++ but not for C
configure:6015: $? = 0
configure:6028: result: no
configure:6043: checking for gcc option to produce PIC
configure:6247: result: -fPIC
configure:6255: checking if gcc PIC flag -fPIC works
configure:6273: gcc -c -g -O2  -fPIC -DPIC conftest.c >&5
configure:6277: $? = 0
configure:6290: result: yes
configure:6314: checking if gcc supports -c -o file.o
configure:6335: gcc -c -g -O2  -o out/conftest2.o conftest.c >&5
configure:6339: $? = 0
configure:6361: result: yes
configure:6387: checking whether the gcc linker (/usr/bin/ld) supports shared libraries
configure:7231: result: yes
configure:7257: checking whether -lc should be explicitly linked in
configure:7262: gcc -c -g -O2  conftest.c >&5
configure:7265: $? = 0
configure:7279: gcc -shared conftest.o  -v -Wl,-soname -Wl,conftest -o conftest 2\>\&1 \| grep  -lc  \>/dev/null 2\>\&1
configure:7282: $? = 0
configure:7294: result: no
configure:7302: checking dynamic linker characteristics
configure:7877: result: GNU/Linux ld.so
configure:7881: checking how to hardcode library paths into programs
configure:7906: result: immediate
configure:7920: checking whether stripping libraries is possible
configure:7925: result: yes
configure:8755: checking if libtool supports shared libraries
configure:8757: result: yes
configure:8760: checking whether to build shared libraries
configure:8781: result: yes
configure:8784: checking whether to build static libraries
configure:8788: result: no
configure:8881: result:
creating libtool
configure:13234: creating ./config.status

## ---------------------- ##
## Running config.status. ##
## ---------------------- ##

This file was extended by config.status, which was
generated by GNU Autoconf 2.59.  Invocation command line was

  CONFIG_FILES    = 
  CONFIG_HEADERS  = 
  CONFIG_LINKS    = 
  CONFIG_COMMANDS = 
  $ ./config.status 

on hive

config.status:454: creating config.h

## ---------------- ##
## Cache variables. ##
## ---------------- ##

ac_cv_build=i686-pc-linux-gnu
ac_cv_build_alias=i686-pc-linux-gnu
ac_cv_c_compiler_gnu=yes
ac_cv_env_CC_set=
ac_cv_env_CC_value=
ac_cv_env_CFLAGS_set=
ac_cv_env_CFLAGS_value=
ac_cv_env_CPPFLAGS_set=
ac_cv_env_CPPFLAGS_value=
ac_cv_env_CPP_set=
ac_cv_env_CPP_value=
ac_cv_env_CXXCPP_set=
ac_cv_env_CXXCPP_value=
ac_cv_env_LDFLAGS_set=
ac_cv_env_LDFLAGS_value=
ac_cv_env_build_alias_set=
ac_cv_env_build_alias_value=
ac_cv_env_host_alias_set=
ac_cv_env_host_alias_value=
ac_cv_env_target_alias_set=
ac_cv_env_target_alias_value=
ac_cv_exeext=
ac_cv_header_dlfcn_h=yes
ac_cv_header_inttypes_h=yes
ac_cv_header_memory_h=yes
ac_cv_header_stdc=yes
ac_cv_header_stdint_h=yes
ac_cv_header_stdlib_h=yes
ac_cv_header_string_h=yes
ac_cv_header_strings_h=yes
ac_cv_header_sys_stat_h=yes
ac_cv_header_sys_types_h=yes
ac_cv_header_unistd_h=yes
ac_cv_host=i686-pc-linux-gnu
ac_cv_host_alias=i686-pc-linux-gnu
ac_cv_objext=o
ac_cv_prog_AWK=gawk
ac_cv_prog_CPP='gcc -E'
ac_cv_prog_ac_ct_AR=ar
ac_cv_prog_ac_ct_CC=gcc
ac_cv_prog_ac_ct_RANLIB=ranlib
ac_cv_prog_ac_ct_STRIP=strip
ac_cv_prog_cc_g=yes
ac_cv_prog_cc_gcc_c_o=yes
ac_cv_prog_cc_stdc=
ac_cv_prog_egrep='grep -E'
ac_cv_target=i686-pc-linux-gnu
ac_cv_target_alias=i686-pc-linux-gnu
lt_cv_deplibs_check_method=pass_all
lt_cv_file_magic_cmd='$MAGIC_CMD'
lt_cv_file_magic_test_file=
lt_cv_ld_reload_flag=-r
lt_cv_objdir=.libs
lt_cv_path_LD=/usr/bin/ld
lt_cv_path_NM='/usr/bin/nm -B'
lt_cv_path_SED=/bin/sed
lt_cv_prog_compiler_c_o=yes
lt_cv_prog_compiler_rtti_exceptions=no
lt_cv_prog_gnu_ld=yes
lt_cv_sys_global_symbol_pipe='sed -n -e '\''s/^.*[ 	]\([ABCDGIRSTW][ABCDGIRSTW]*\)[ 	][ 	]*\([_A-Za-z][_A-Za-z0-9]*\)$/\1 \2 \2/p'\'''
lt_cv_sys_global_symbol_to_c_name_address='sed -n -e '\''s/^: \([^ ]*\) $/  {\"\1\", (lt_ptr) 0},/p'\'' -e '\''s/^[BCDEGRST] \([^ ]*\) \([^ ]*\)$/  {"\2", (lt_ptr) \&\2},/p'\'''
lt_cv_sys_global_symbol_to_cdecl='sed -n -e '\''s/^. .* \(.*\)$/extern int \1;/p'\'''
lt_cv_sys_max_cmd_len=32768
lt_lt_cv_prog_compiler_c_o='"yes"'
lt_lt_cv_sys_global_symbol_pipe='"sed -n -e '\''s/^.*[ 	]\\([ABCDGIRSTW][ABCDGIRSTW]*\\)[ 	][ 	]*\\([_A-Za-z][_A-Za-z0-9]*\\)\$/\\1 \\2 \\2/p'\''"'
lt_lt_cv_sys_global_symbol_to_c_name_address='"sed -n -e '\''s/^: \\([^ ]*\\) \$/  {\\\"\\1\\\", (lt_ptr) 0},/p'\'' -e '\''s/^[BCDEGRST] \\([^ ]*\\) \\([^ ]*\\)\$/  {\"\\2\", (lt_ptr) \\&\\2},/p'\''"'
lt_lt_cv_sys_global_symbol_to_cdecl='"sed -n -e '\''s/^. .* \\(.*\\)\$/extern int \\1;/p'\''"'
php_cv_cc_dashr=no
php_cv_cc_rpath=yes

## ----------------- ##
## Output variables. ##
## ----------------- ##

AR='ar'
AWK='gawk'
CC='gcc'
CFLAGS='-g -O2'
CONFIGURE_COMMAND=' './configure'  '--enable-ballball''
CONFIGURE_OPTIONS=' '--enable-ballball''
CPP='gcc -E'
CPPFLAGS=' -DHAVE_CONFIG_H'
CXXCPP=''
DEFS='-DHAVE_CONFIG_H'
ECHO='echo'
ECHO_C=''
ECHO_N='-n'
ECHO_T=''
EGREP='grep -E'
EXEEXT=''
LDFLAGS=''
LIBOBJS=''
LIBS=''
LIBTOOL='$(SHELL) $(top_builddir)/libtool'
LN_S='ln -s'
LTLIBOBJS=''
OBJEXT='o'
PACKAGE_BUGREPORT=''
PACKAGE_NAME=''
PACKAGE_STRING=''
PACKAGE_TARNAME=''
PACKAGE_VERSION=''
PATH_SEPARATOR=':'
RANLIB='ranlib'
RE2C='exit 0;'
SED='/bin/sed'
SHELL='/bin/sh'
SHLIB_DL_SUFFIX_NAME='so'
SHLIB_SUFFIX_NAME='so'
STRIP='strip'
ac_ct_AR='ar'
ac_ct_CC='gcc'
ac_ct_RANLIB='ranlib'
ac_ct_STRIP='strip'
bindir='${exec_prefix}/bin'
build='i686-pc-linux-gnu'
build_alias=''
build_cpu='i686'
build_os='linux-gnu'
build_vendor='pc'
datadir='${prefix}/share'
exec_prefix='$(prefix)'
host='i686-pc-linux-gnu'
host_alias='i686-pc-linux-gnu'
host_cpu='i686'
host_os='linux-gnu'
host_vendor='pc'
includedir='${prefix}/include'
infodir='${prefix}/info'
libdir='${exec_prefix}/lib'
libexecdir='${exec_prefix}/libexec'
localstatedir='${prefix}/var'
mandir='${prefix}/man'
oldincludedir='/usr/include'
prefix='/usr/local'
program_transform_name='s,x,x,'
sbindir='${exec_prefix}/sbin'
sharedstatedir='${prefix}/com'
sysconfdir='${prefix}/etc'
target='i686-pc-linux-gnu'
target_alias=''
target_cpu='i686'
target_os='linux-gnu'
target_vendor='pc'

## ----------- ##
## confdefs.h. ##
## ----------- ##

#define COMPILE_DL_BALLBALL 1
#define HAVE_DLFCN_H 1
#define HAVE_INTTYPES_H 1
#define HAVE_MEMORY_H 1
#define HAVE_STDINT_H 1
#define HAVE_STDLIB_H 1
#define HAVE_STRINGS_H 1
#define HAVE_STRING_H 1
#define HAVE_SYS_STAT_H 1
#define HAVE_SYS_TYPES_H 1
#define HAVE_UNISTD_H 1
#define PACKAGE_BUGREPORT ""
#define PACKAGE_NAME ""
#define PACKAGE_STRING ""
#define PACKAGE_TARNAME ""
#define PACKAGE_VERSION ""
#define STDC_HEADERS 1

configure: exit 0
